<?xml version="1.0" encoding="UTF-8"?>
<!-- Generated by org.testng.reporters.JUnitReportReporter -->
<testsuite hostname="FalconXtreme" name="com.guru.sel.MyClass" tests="1" failures="0" timestamp="18 Aug 2016 23:50:51 GMT" time="7.011" errors="0">
  <testcase name="class1" time="7.011" classname="com.guru.sel.MyClass"/>
</testsuite> <!-- com.guru.sel.MyClass -->
