<?xml version="1.0" encoding="UTF-8"?>
<!-- Generated by org.testng.reporters.JUnitReportReporter -->
<testsuite hostname="FalconXtreme" name="com.guru.sel.selectByIndexExample" tests="1" failures="0" timestamp="28 Sep 2016 13:12:51 GMT" time="33.007" errors="0">
  <testcase name="selectSamples" time="33.007" classname="com.guru.sel.selectByIndexExample"/>
</testsuite> <!-- com.guru.sel.selectByIndexExample -->
