<?xml version="1.0" encoding="UTF-8"?>
<!-- Generated by org.testng.reporters.JUnitReportReporter -->
<testsuite hostname="FalconXtreme" name="com.guru.test.TestNFExample" tests="3" failures="0" timestamp="28 Sep 2016 15:40:25 GMT" time="0.006" errors="0">
  <testcase name="testCase01" time="0.002" classname="com.guru.test.TestNFExample"/>
  <testcase name="testCase03" time="0.003" classname="com.guru.test.TestNFExample"/>
  <testcase name="testCase02" time="0.001" classname="com.guru.test.TestNFExample"/>
</testsuite> <!-- com.guru.test.TestNFExample -->
