<?xml version="1.0" encoding="UTF-8"?>
<!-- Generated by org.testng.reporters.JUnitReportReporter -->
<testsuite hostname="FalconXtreme" name="com.guru.test.ParameterDataproviderWithClassLevel" tests="3" failures="0" timestamp="28 Sep 2016 15:40:25 GMT" time="9.703" errors="0">
  <testcase name="testMethod" time="3.384" classname="com.guru.test.ParameterDataproviderWithClassLevel"/>
  <testcase name="testMethod" time="3.147" classname="com.guru.test.ParameterDataproviderWithClassLevel"/>
  <testcase name="testMethod" time="3.172" classname="com.guru.test.ParameterDataproviderWithClassLevel"/>
</testsuite> <!-- com.guru.test.ParameterDataproviderWithClassLevel -->
