<?xml version="1.0" encoding="UTF-8"?>
<!-- Generated by org.testng.reporters.JUnitReportReporter -->
<testsuite hostname="FalconXtreme" name="com.guru.test.DataProviderExample" tests="3" failures="0" timestamp="28 Sep 2016 15:40:25 GMT" time="0.008" errors="0">
  <testcase name="setData" time="0.001" classname="com.guru.test.DataProviderExample"/>
  <testcase name="setData" time="0.001" classname="com.guru.test.DataProviderExample"/>
  <testcase name="setData" time="0.006" classname="com.guru.test.DataProviderExample"/>
</testsuite> <!-- com.guru.test.DataProviderExample -->
