<?xml version="1.0" encoding="UTF-8"?>
<!-- Generated by org.testng.reporters.JUnitReportReporter -->
<testsuite hostname="FalconXtreme" name="com.main.misc.SiblingAndParentXpath" tests="1" failures="0" timestamp="15 Sep 2016 00:15:41 GMT" time="10.992" errors="0">
  <testcase name="testSiblingAndParentInXpath" time="10.992" classname="com.main.misc.SiblingAndParentXpath"/>
</testsuite> <!-- com.main.misc.SiblingAndParentXpath -->
