<?xml version="1.0" encoding="UTF-8"?>
<!-- Generated by org.testng.reporters.JUnitReportReporter -->
<testsuite hostname="FalconXtreme" name="com.guru.sel.GetSize" tests="1" failures="0" timestamp="28 Sep 2016 14:02:50 GMT" time="7.278" errors="0">
  <testcase name="openBrowserwithGivenDimension" time="7.278" classname="com.guru.sel.GetSize"/>
</testsuite> <!-- com.guru.sel.GetSize -->
