<?xml version="1.0" encoding="UTF-8"?>
<!-- Generated by org.testng.reporters.JUnitReportReporter -->
<testsuite hostname="FalconXtreme" name="com.guru.sel.WindowExamples" tests="1" failures="0" timestamp="26 Sep 2016 19:27:19 GMT" time="11.260" errors="0">
  <testcase name="test_CloseAllWindowsExceptMainWindow" time="11.260" classname="com.guru.sel.WindowExamples"/>
</testsuite> <!-- com.guru.sel.WindowExamples -->
